<?xml version="1.0" encoding="UTF-8"?>
<!-- Generated by org.testng.reporters.JUnitReportReporter -->
<testsuite hostname="425-85433" failures="0" tests="1" name="practiceLog4j.BrokenLInks" time="48.632" errors="0" timestamp="19 Apr 2023 21:00:27 GMT" skipped="0">
  <testcase classname="practiceLog4j.BrokenLInks" name="links" time="48.632"/>
</testsuite> <!-- practiceLog4j.BrokenLInks -->
