<?xml version="1.0" encoding="UTF-8"?>
<!-- Generated by org.testng.reporters.JUnitReportReporter -->
<testsuite hostname="425-85433" failures="0" tests="1" name="practiceLog4j.BrokenLInks" time="61.668" errors="0" timestamp="21 Apr 2023 19:40:31 GMT" skipped="0">
  <testcase classname="practiceLog4j.BrokenLInks" name="links" time="61.668"/>
</testsuite> <!-- practiceLog4j.BrokenLInks -->
